  warning: HTTP 404 for https://www.cdc.gov/flu/weekly/weeklyarchives2019-2020/week22.htm
  warning: HTTP 404 for https://www.cdc.gov/fluview/surveillance/2020-week-22.html
  warning: HTTP 404 for https://www.cdc.gov/flu/weekly/weeklyarchives2019-2020/week23.htm
  warning: HTTP 404 for https://www.cdc.gov/fluview/surveillance/2020-week-23.html
  warning: HTTP 404 for https://www.cdc.gov/flu/weekly/weeklyarchives2019-2020/week24.htm
  warning: HTTP 404 for https://www.cdc.gov/fluview/surveillance/2020-week-24.html
  warning: HTTP 404 for https://www.cdc.gov/flu/weekly/weeklyarchives2019-2020/week25.htm
  warning: HTTP 404 for https://www.cdc.gov/fluview/surveillance/2020-week-25.html
  warning: HTTP 404 for https://www.cdc.gov/flu/weekly/weeklyarchives2019-2020/week26.htm
  warning: HTTP 404 for https://www.cdc.gov/fluview/surveillance/2020-week-26.html
  warning: HTTP 404 for https://www.cdc.gov/flu/weekly/weeklyarchives2019-2020/week27.htm
  warning: HTTP 404 for https://www.cdc.gov/fluview/surveillance/2020-week-27.html
  warning: HTTP 404 for https://www.cdc.gov/flu/weekly/weeklyarchives2019-2020/week28.htm
  warning: HTTP 404 for https://www.cdc.gov/fluview/surveillance/2020-week-28.html
  warning: HTTP 404 for https://www.cdc.gov/flu/weekly/weeklyarchives2019-2020/week29.htm
  warning: HTTP 404 for https://www.cdc.gov/fluview/surveillance/2020-week-29.html
  warning: HTTP 404 for https://www.cdc.gov/flu/weekly/weeklyarchives2019-2020/week30.htm
  warning: HTTP 404 for https://www.cdc.gov/fluview/surveillance/2020-week-30.html
  warning: HTTP 404 for https://www.cdc.gov/flu/weekly/weeklyarchives2019-2020/week31.htm
  warning: HTTP 404 for https://www.cdc.gov/fluview/surveillance/2020-week-31.html
  warning: HTTP 404 for https://www.cdc.gov/flu/weekly/weeklyarchives2019-2020/week32.htm
  warning: HTTP 404 for https://www.cdc.gov/fluview/surveillance/2020-week-32.html
  warning: HTTP 404 for https://www.cdc.gov/flu/weekly/weeklyarchives2019-2020/week33.htm
  warning: HTTP 404 for https://www.cdc.gov/fluview/surveillance/2020-week-33.html
  warning: HTTP 404 for https://www.cdc.gov/flu/weekly/weeklyarchives2019-2020/week34.htm
  warning: HTTP 404 for https://www.cdc.gov/fluview/surveillance/2020-week-34.html
  warning: HTTP 404 for https://www.cdc.gov/flu/weekly/weeklyarchives2019-2020/week35.htm
  warning: HTTP 404 for https://www.cdc.gov/fluview/surveillance/2020-week-35.html
  warning: HTTP 404 for https://www.cdc.gov/flu/weekly/weeklyarchives2019-2020/week36.htm
  warning: HTTP 404 for https://www.cdc.gov/fluview/surveillance/2020-week-36.html
  warning: HTTP 404 for https://www.cdc.gov/flu/weekly/weeklyarchives2019-2020/week37.htm
  warning: HTTP 404 for https://www.cdc.gov/fluview/surveillance/2020-week-37.html
  warning: HTTP 404 for https://www.cdc.gov/flu/weekly/weeklyarchives2019-2020/week38.htm
  warning: HTTP 404 for https://www.cdc.gov/fluview/surveillance/2020-week-38.html
  warning: HTTP 404 for https://www.cdc.gov/flu/weekly/weeklyarchives2019-2020/week39.htm
  warning: HTTP 404 for https://www.cdc.gov/fluview/surveillance/2020-week-39.html
  warning: HTTP 404 for https://www.cdc.gov/fluview/surveillance/2020-week-40.html
  warning: HTTP 404 for https://www.cdc.gov/flu/weekly/weeklyarchives2020-2021/week40.htm
  warning: HTTP 404 for https://www.cdc.gov/fluview/surveillance/2020-week-41.html
  warning: HTTP 404 for https://www.cdc.gov/flu/weekly/weeklyarchives2020-2021/week41.htm
  warning: HTTP 404 for https://www.cdc.gov/fluview/surveillance/2020-week-42.html
  warning: HTTP 404 for https://www.cdc.gov/flu/weekly/weeklyarchives2020-2021/week42.htm
  warning: HTTP 404 for https://www.cdc.gov/fluview/surveillance/2020-week-43.html
  warning: HTTP 404 for https://www.cdc.gov/flu/weekly/weeklyarchives2020-2021/week43.htm
  warning: HTTP 404 for https://www.cdc.gov/fluview/surveillance/2020-week-44.html
  warning: HTTP 404 for https://www.cdc.gov/flu/weekly/weeklyarchives2020-2021/week44.htm
  warning: HTTP 404 for https://www.cdc.gov/fluview/surveillance/2020-week-45.html
  warning: HTTP 404 for https://www.cdc.gov/flu/weekly/weeklyarchives2020-2021/week45.htm
  warning: HTTP 404 for https://www.cdc.gov/fluview/surveillance/2020-week-46.html
  warning: HTTP 404 for https://www.cdc.gov/flu/weekly/weeklyarchives2020-2021/week46.htm
  warning: HTTP 404 for https://www.cdc.gov/fluview/surveillance/2020-week-47.html
  warning: HTTP 404 for https://www.cdc.gov/flu/weekly/weeklyarchives2020-2021/week47.htm
  warning: HTTP 404 for https://www.cdc.gov/fluview/surveillance/2020-week-48.html
  warning: HTTP 404 for https://www.cdc.gov/flu/weekly/weeklyarchives2020-2021/week48.htm
  warning: HTTP 404 for https://www.cdc.gov/fluview/surveillance/2020-week-49.html
  warning: HTTP 404 for https://www.cdc.gov/flu/weekly/weeklyarchives2020-2021/week49.htm
  warning: HTTP 404 for https://www.cdc.gov/fluview/surveillance/2020-week-50.html
  warning: HTTP 404 for https://www.cdc.gov/flu/weekly/weeklyarchives2020-2021/week50.htm
  warning: HTTP 404 for https://www.cdc.gov/fluview/surveillance/2020-week-51.html
  warning: HTTP 404 for https://www.cdc.gov/flu/weekly/weeklyarchives2020-2021/week51.htm
  warning: HTTP 404 for https://www.cdc.gov/fluview/surveillance/2020-week-52.html
  warning: HTTP 404 for https://www.cdc.gov/flu/weekly/weeklyarchives2020-2021/week52.htm
  warning: HTTP 404 for https://www.cdc.gov/fluview/surveillance/2020-week-53.html
  warning: HTTP 404 for https://www.cdc.gov/flu/weekly/weeklyarchives2020-2021/week53.htm
  warning: HTTP 404 for https://www.cdc.gov/fluview/surveillance/2021-week-01.html
  warning: HTTP 404 for https://www.cdc.gov/flu/weekly/weeklyarchives2020-2021/week01.htm
  warning: HTTP 404 for https://www.cdc.gov/fluview/surveillance/2021-week-02.html
  warning: HTTP 404 for https://www.cdc.gov/flu/weekly/weeklyarchives2020-2021/week02.htm
  warning: HTTP 404 for https://www.cdc.gov/fluview/surveillance/2021-week-03.html
  warning: HTTP 404 for https://www.cdc.gov/flu/weekly/weeklyarchives2020-2021/week03.htm
  warning: HTTP 404 for https://www.cdc.gov/fluview/surveillance/2021-week-04.html
  warning: HTTP 404 for https://www.cdc.gov/flu/weekly/weeklyarchives2020-2021/week04.htm
  warning: HTTP 404 for https://www.cdc.gov/fluview/surveillance/2021-week-05.html
  warning: HTTP 404 for https://www.cdc.gov/flu/weekly/weeklyarchives2020-2021/week05.htm
  warning: HTTP 404 for https://www.cdc.gov/fluview/surveillance/2021-week-06.html
  warning: HTTP 404 for https://www.cdc.gov/flu/weekly/weeklyarchives2020-2021/week06.htm
  warning: HTTP 404 for https://www.cdc.gov/fluview/surveillance/2021-week-07.html
  warning: HTTP 404 for https://www.cdc.gov/flu/weekly/weeklyarchives2020-2021/week07.htm
  warning: HTTP 404 for https://www.cdc.gov/fluview/surveillance/2021-week-08.html
  warning: HTTP 404 for https://www.cdc.gov/flu/weekly/weeklyarchives2020-2021/week08.htm
  warning: HTTP 404 for https://www.cdc.gov/fluview/surveillance/2021-week-09.html
  warning: HTTP 404 for https://www.cdc.gov/flu/weekly/weeklyarchives2020-2021/week09.htm
  warning: HTTP 404 for https://www.cdc.gov/fluview/surveillance/2021-week-10.html
  warning: HTTP 404 for https://www.cdc.gov/flu/weekly/weeklyarchives2020-2021/week10.htm
  warning: HTTP 404 for https://www.cdc.gov/fluview/surveillance/2021-week-11.html
  warning: HTTP 404 for https://www.cdc.gov/flu/weekly/weeklyarchives2020-2021/week11.htm
  warning: HTTP 404 for https://www.cdc.gov/fluview/surveillance/2021-week-12.html
  warning: HTTP 404 for https://www.cdc.gov/flu/weekly/weeklyarchives2020-2021/week12.htm
  warning: HTTP 404 for https://www.cdc.gov/fluview/surveillance/2021-week-13.html
  warning: HTTP 404 for https://www.cdc.gov/flu/weekly/weeklyarchives2020-2021/week13.htm
  warning: HTTP 404 for https://www.cdc.gov/fluview/surveillance/2021-week-14.html
  warning: HTTP 404 for https://www.cdc.gov/flu/weekly/weeklyarchives2020-2021/week14.htm
  warning: HTTP 404 for https://www.cdc.gov/fluview/surveillance/2021-week-15.html
  warning: HTTP 404 for https://www.cdc.gov/flu/weekly/weeklyarchives2020-2021/week15.htm
  warning: HTTP 404 for https://www.cdc.gov/fluview/surveillance/2021-week-16.html
  warning: HTTP 404 for https://www.cdc.gov/flu/weekly/weeklyarchives2020-2021/week16.htm
  warning: HTTP 404 for https://www.cdc.gov/fluview/surveillance/2021-week-17.html
  warning: HTTP 404 for https://www.cdc.gov/flu/weekly/weeklyarchives2020-2021/week17.htm
  warning: HTTP 404 for https://www.cdc.gov/fluview/surveillance/2021-week-18.html
  warning: HTTP 404 for https://www.cdc.gov/flu/weekly/weeklyarchives2020-2021/week18.htm
  warning: HTTP 404 for https://www.cdc.gov/fluview/surveillance/2021-week-19.html
  warning: HTTP 404 for https://www.cdc.gov/flu/weekly/weeklyarchives2020-2021/week19.htm
  warning: HTTP 404 for https://www.cdc.gov/fluview/surveillance/2021-week-20.html
  warning: HTTP 404 for https://www.cdc.gov/flu/weekly/weeklyarchives2020-2021/week20.htm
  warning: HTTP 404 for https://www.cdc.gov/fluview/surveillance/2021-week-21.html
  warning: HTTP 404 for https://www.cdc.gov/flu/weekly/weeklyarchives2020-2021/week21.htm
  warning: HTTP 404 for https://www.cdc.gov/fluview/surveillance/2021-week-22.html
  warning: HTTP 404 for https://www.cdc.gov/flu/weekly/weeklyarchives2020-2021/week22.htm
  warning: HTTP 404 for https://www.cdc.gov/fluview/surveillance/2021-week-23.html
  warning: HTTP 404 for https://www.cdc.gov/flu/weekly/weeklyarchives2020-2021/week23.htm
  warning: HTTP 404 for https://www.cdc.gov/fluview/surveillance/2021-week-24.html
  warning: HTTP 404 for https://www.cdc.gov/flu/weekly/weeklyarchives2020-2021/week24.htm
  warning: HTTP 404 for https://www.cdc.gov/fluview/surveillance/2021-week-25.html
  warning: HTTP 404 for https://www.cdc.gov/flu/weekly/weeklyarchives2020-2021/week25.htm
  warning: HTTP 404 for https://www.cdc.gov/fluview/surveillance/2021-week-26.html
  warning: HTTP 404 for https://www.cdc.gov/flu/weekly/weeklyarchives2020-2021/week26.htm
  warning: HTTP 404 for https://www.cdc.gov/fluview/surveillance/2021-week-27.html
  warning: HTTP 404 for https://www.cdc.gov/flu/weekly/weeklyarchives2020-2021/week27.htm
  warning: HTTP 404 for https://www.cdc.gov/fluview/surveillance/2021-week-28.html
  warning: HTTP 404 for https://www.cdc.gov/flu/weekly/weeklyarchives2020-2021/week28.htm
  warning: HTTP 404 for https://www.cdc.gov/fluview/surveillance/2021-week-29.html
  warning: HTTP 404 for https://www.cdc.gov/flu/weekly/weeklyarchives2020-2021/week29.htm
  warning: HTTP 404 for https://www.cdc.gov/fluview/surveillance/2021-week-30.html
  warning: HTTP 404 for https://www.cdc.gov/flu/weekly/weeklyarchives2020-2021/week30.htm
  warning: HTTP 404 for https://www.cdc.gov/fluview/surveillance/2021-week-31.html
  warning: HTTP 404 for https://www.cdc.gov/flu/weekly/weeklyarchives2020-2021/week31.htm
  warning: HTTP 404 for https://www.cdc.gov/fluview/surveillance/2021-week-32.html
  warning: HTTP 404 for https://www.cdc.gov/flu/weekly/weeklyarchives2020-2021/week32.htm
  warning: HTTP 404 for https://www.cdc.gov/fluview/surveillance/2021-week-33.html
  warning: HTTP 404 for https://www.cdc.gov/flu/weekly/weeklyarchives2020-2021/week33.htm
  warning: HTTP 404 for https://www.cdc.gov/fluview/surveillance/2021-week-34.html
  warning: HTTP 404 for https://www.cdc.gov/flu/weekly/weeklyarchives2020-2021/week34.htm
  warning: HTTP 404 for https://www.cdc.gov/fluview/surveillance/2021-week-35.html
  warning: HTTP 404 for https://www.cdc.gov/flu/weekly/weeklyarchives2020-2021/week35.htm
  warning: HTTP 404 for https://www.cdc.gov/fluview/surveillance/2021-week-36.html
  warning: HTTP 404 for https://www.cdc.gov/flu/weekly/weeklyarchives2020-2021/week36.htm
  warning: HTTP 404 for https://www.cdc.gov/fluview/surveillance/2021-week-37.html
  warning: HTTP 404 for https://www.cdc.gov/flu/weekly/weeklyarchives2020-2021/week37.htm
  warning: HTTP 404 for https://www.cdc.gov/fluview/surveillance/2021-week-38.html
  warning: HTTP 404 for https://www.cdc.gov/flu/weekly/weeklyarchives2020-2021/week38.htm
  warning: HTTP 404 for https://www.cdc.gov/fluview/surveillance/2021-week-39.html
  warning: HTTP 404 for https://www.cdc.gov/flu/weekly/weeklyarchives2020-2021/week39.htm
  warning: HTTP 404 for https://www.cdc.gov/flu/weekly/weeklyarchives2021-2022/week42.htm
  warning: HTTP 404 for https://www.cdc.gov/fluview/surveillance/2021-week-42.html
  warning: HTTP 404 for https://www.cdc.gov/flu/weekly/weeklyarchives2021-2022/week43.htm
  warning: HTTP 404 for https://www.cdc.gov/fluview/surveillance/2021-week-43.html
  warning: HTTP 404 for https://www.cdc.gov/flu/weekly/weeklyarchives2021-2022/week44.htm
  warning: HTTP 404 for https://www.cdc.gov/fluview/surveillance/2021-week-44.html
  warning: HTTP 404 for https://www.cdc.gov/flu/weekly/weeklyarchives2021-2022/week46.htm
  warning: HTTP 404 for https://www.cdc.gov/fluview/surveillance/2021-week-46.html
  warning: HTTP 404 for https://www.cdc.gov/flu/weekly/weeklyarchives2021-2022/week47.htm
  warning: HTTP 404 for https://www.cdc.gov/fluview/surveillance/2021-week-47.html
  warning: HTTP 404 for https://www.cdc.gov/flu/weekly/weeklyarchives2021-2022/week48.htm
  warning: HTTP 404 for https://www.cdc.gov/fluview/surveillance/2021-week-48.html
  warning: HTTP 404 for https://www.cdc.gov/flu/weekly/weeklyarchives2021-2022/week49.htm
  warning: HTTP 404 for https://www.cdc.gov/fluview/surveillance/2021-week-49.html
  warning: HTTP 404 for https://www.cdc.gov/flu/weekly/weeklyarchives2021-2022/week50.htm
  warning: HTTP 404 for https://www.cdc.gov/fluview/surveillance/2021-week-50.html
  warning: HTTP 404 for https://www.cdc.gov/flu/weekly/weeklyarchives2021-2022/week51.htm
  warning: HTTP 404 for https://www.cdc.gov/fluview/surveillance/2021-week-51.html
  warning: HTTP 404 for https://www.cdc.gov/flu/weekly/weeklyarchives2021-2022/week52.htm
  warning: HTTP 404 for https://www.cdc.gov/fluview/surveillance/2021-week-52.html
  warning: HTTP 404 for https://www.cdc.gov/flu/weekly/weeklyarchives2021-2022/week01.htm
  warning: HTTP 404 for https://www.cdc.gov/fluview/surveillance/2022-week-01.html
  warning: HTTP 404 for https://www.cdc.gov/flu/weekly/weeklyarchives2021-2022/week02.htm
  warning: HTTP 404 for https://www.cdc.gov/fluview/surveillance/2022-week-02.html
  warning: HTTP 404 for https://www.cdc.gov/flu/weekly/weeklyarchives2021-2022/week03.htm
  warning: HTTP 404 for https://www.cdc.gov/fluview/surveillance/2022-week-03.html
  warning: HTTP 404 for https://www.cdc.gov/flu/weekly/weeklyarchives2021-2022/week04.htm
  warning: HTTP 404 for https://www.cdc.gov/fluview/surveillance/2022-week-04.html
  warning: HTTP 404 for https://www.cdc.gov/flu/weekly/weeklyarchives2021-2022/week05.htm
  warning: HTTP 404 for https://www.cdc.gov/fluview/surveillance/2022-week-05.html
  warning: HTTP 404 for https://www.cdc.gov/flu/weekly/weeklyarchives2021-2022/week06.htm
  warning: HTTP 404 for https://www.cdc.gov/fluview/surveillance/2022-week-06.html
  warning: HTTP 404 for https://www.cdc.gov/flu/weekly/weeklyarchives2021-2022/week07.htm
  warning: HTTP 404 for https://www.cdc.gov/fluview/surveillance/2022-week-07.html
  warning: HTTP 404 for https://www.cdc.gov/flu/weekly/weeklyarchives2021-2022/week08.htm
  warning: HTTP 404 for https://www.cdc.gov/fluview/surveillance/2022-week-08.html
  warning: HTTP 404 for https://www.cdc.gov/flu/weekly/weeklyarchives2021-2022/week09.htm
  warning: HTTP 404 for https://www.cdc.gov/fluview/surveillance/2022-week-09.html
  warning: HTTP 404 for https://www.cdc.gov/flu/weekly/weeklyarchives2021-2022/week10.htm
  warning: HTTP 404 for https://www.cdc.gov/fluview/surveillance/2022-week-10.html
  warning: HTTP 404 for https://www.cdc.gov/flu/weekly/weeklyarchives2021-2022/week11.htm
  warning: HTTP 404 for https://www.cdc.gov/fluview/surveillance/2022-week-11.html
  warning: HTTP 404 for https://www.cdc.gov/flu/weekly/weeklyarchives2021-2022/week12.htm
  warning: HTTP 404 for https://www.cdc.gov/fluview/surveillance/2022-week-12.html
  warning: HTTP 404 for https://www.cdc.gov/flu/weekly/weeklyarchives2021-2022/week13.htm
  warning: HTTP 404 for https://www.cdc.gov/fluview/surveillance/2022-week-13.html
  warning: HTTP 404 for https://www.cdc.gov/flu/weekly/weeklyarchives2021-2022/week14.htm
  warning: HTTP 404 for https://www.cdc.gov/fluview/surveillance/2022-week-14.html
  warning: HTTP 404 for https://www.cdc.gov/flu/weekly/weeklyarchives2021-2022/week15.htm
  warning: HTTP 404 for https://www.cdc.gov/fluview/surveillance/2022-week-15.html
  warning: HTTP 404 for https://www.cdc.gov/flu/weekly/weeklyarchives2021-2022/week16.htm
  warning: HTTP 404 for https://www.cdc.gov/fluview/surveillance/2022-week-16.html
  warning: HTTP 404 for https://www.cdc.gov/flu/weekly/weeklyarchives2021-2022/week17.htm
  warning: HTTP 404 for https://www.cdc.gov/fluview/surveillance/2022-week-17.html
  warning: HTTP 404 for https://www.cdc.gov/flu/weekly/weeklyarchives2021-2022/week18.htm
  warning: HTTP 404 for https://www.cdc.gov/fluview/surveillance/2022-week-18.html
  warning: HTTP 404 for https://www.cdc.gov/flu/weekly/weeklyarchives2021-2022/week19.htm
  warning: HTTP 404 for https://www.cdc.gov/fluview/surveillance/2022-week-19.html
  warning: HTTP 404 for https://www.cdc.gov/flu/weekly/weeklyarchives2021-2022/week20.htm
  warning: HTTP 404 for https://www.cdc.gov/fluview/surveillance/2022-week-20.html
  warning: HTTP 404 for https://www.cdc.gov/flu/weekly/weeklyarchives2021-2022/week21.htm
  warning: HTTP 404 for https://www.cdc.gov/fluview/surveillance/2022-week-21.html
  warning: HTTP 404 for https://www.cdc.gov/flu/weekly/weeklyarchives2021-2022/week22.htm
  warning: HTTP 404 for https://www.cdc.gov/fluview/surveillance/2022-week-22.html
  warning: HTTP 404 for https://www.cdc.gov/flu/weekly/weeklyarchives2021-2022/week23.htm
  warning: HTTP 404 for https://www.cdc.gov/fluview/surveillance/2022-week-23.html
  warning: HTTP 404 for https://www.cdc.gov/flu/weekly/weeklyarchives2021-2022/week24.htm
  warning: HTTP 404 for https://www.cdc.gov/fluview/surveillance/2022-week-24.html
  warning: HTTP 404 for https://www.cdc.gov/flu/weekly/weeklyarchives2021-2022/week25.htm
  warning: HTTP 404 for https://www.cdc.gov/fluview/surveillance/2022-week-25.html
  warning: HTTP 404 for https://www.cdc.gov/flu/weekly/weeklyarchives2021-2022/week26.htm
  warning: HTTP 404 for https://www.cdc.gov/fluview/surveillance/2022-week-26.html
  warning: HTTP 404 for https://www.cdc.gov/flu/weekly/weeklyarchives2021-2022/week27.htm
  warning: HTTP 404 for https://www.cdc.gov/fluview/surveillance/2022-week-27.html
  warning: HTTP 404 for https://www.cdc.gov/flu/weekly/weeklyarchives2021-2022/week28.htm
  warning: HTTP 404 for https://www.cdc.gov/fluview/surveillance/2022-week-28.html
  warning: HTTP 404 for https://www.cdc.gov/flu/weekly/weeklyarchives2021-2022/week29.htm
  warning: HTTP 404 for https://www.cdc.gov/fluview/surveillance/2022-week-29.html
  warning: HTTP 404 for https://www.cdc.gov/flu/weekly/weeklyarchives2021-2022/week30.htm
  warning: HTTP 404 for https://www.cdc.gov/fluview/surveillance/2022-week-30.html
  warning: HTTP 404 for https://www.cdc.gov/flu/weekly/weeklyarchives2021-2022/week31.htm
  warning: HTTP 404 for https://www.cdc.gov/fluview/surveillance/2022-week-31.html
  warning: HTTP 404 for https://www.cdc.gov/flu/weekly/weeklyarchives2021-2022/week32.htm
  warning: HTTP 404 for https://www.cdc.gov/fluview/surveillance/2022-week-32.html
  warning: HTTP 404 for https://www.cdc.gov/flu/weekly/weeklyarchives2021-2022/week33.htm
  warning: HTTP 404 for https://www.cdc.gov/fluview/surveillance/2022-week-33.html
  warning: HTTP 404 for https://www.cdc.gov/flu/weekly/weeklyarchives2021-2022/week34.htm
  warning: HTTP 404 for https://www.cdc.gov/fluview/surveillance/2022-week-34.html
  warning: HTTP 404 for https://www.cdc.gov/flu/weekly/weeklyarchives2021-2022/week35.htm
  warning: HTTP 404 for https://www.cdc.gov/fluview/surveillance/2022-week-35.html
  warning: HTTP 404 for https://www.cdc.gov/flu/weekly/weeklyarchives2021-2022/week36.htm
  warning: HTTP 404 for https://www.cdc.gov/fluview/surveillance/2022-week-36.html
  warning: HTTP 404 for https://www.cdc.gov/flu/weekly/weeklyarchives2021-2022/week37.htm
  warning: HTTP 404 for https://www.cdc.gov/fluview/surveillance/2022-week-37.html
  warning: HTTP 404 for https://www.cdc.gov/flu/weekly/weeklyarchives2021-2022/week38.htm
  warning: HTTP 404 for https://www.cdc.gov/fluview/surveillance/2022-week-38.html
  warning: HTTP 404 for https://www.cdc.gov/fluview/surveillance/2022-week-40.html
  warning: HTTP 404 for https://www.cdc.gov/flu/weekly/weeklyarchives2022-2023/week40.htm
  warning: HTTP 404 for https://www.cdc.gov/fluview/surveillance/2022-week-41.html
  warning: HTTP 404 for https://www.cdc.gov/flu/weekly/weeklyarchives2022-2023/week41.htm
  warning: HTTP 404 for https://www.cdc.gov/fluview/surveillance/2022-week-42.html
  warning: HTTP 404 for https://www.cdc.gov/flu/weekly/weeklyarchives2022-2023/week42.htm
  warning: HTTP 404 for https://www.cdc.gov/fluview/surveillance/2022-week-43.html
  warning: HTTP 404 for https://www.cdc.gov/flu/weekly/weeklyarchives2022-2023/week43.htm
  warning: HTTP 404 for https://www.cdc.gov/fluview/surveillance/2022-week-44.html
  warning: HTTP 404 for https://www.cdc.gov/flu/weekly/weeklyarchives2022-2023/week44.htm
  warning: HTTP 404 for https://www.cdc.gov/fluview/surveillance/2022-week-45.html
  warning: HTTP 404 for https://www.cdc.gov/fluview/surveillance/2022-week-46.html
  warning: HTTP 404 for https://www.cdc.gov/flu/weekly/weeklyarchives2022-2023/week46.htm
  warning: HTTP 404 for https://www.cdc.gov/fluview/surveillance/2022-week-47.html
  warning: HTTP 404 for https://www.cdc.gov/flu/weekly/weeklyarchives2022-2023/week47.htm
  warning: HTTP 404 for https://www.cdc.gov/fluview/surveillance/2022-week-48.html
  warning: HTTP 404 for https://www.cdc.gov/flu/weekly/weeklyarchives2022-2023/week48.htm
  warning: HTTP 404 for https://www.cdc.gov/fluview/surveillance/2022-week-49.html
  warning: HTTP 404 for https://www.cdc.gov/flu/weekly/weeklyarchives2022-2023/week49.htm
  warning: HTTP 404 for https://www.cdc.gov/fluview/surveillance/2022-week-50.html
  warning: HTTP 404 for https://www.cdc.gov/flu/weekly/weeklyarchives2022-2023/week50.htm
  warning: HTTP 404 for https://www.cdc.gov/fluview/surveillance/2022-week-51.html
  warning: HTTP 404 for https://www.cdc.gov/flu/weekly/weeklyarchives2022-2023/week51.htm
  warning: HTTP 404 for https://www.cdc.gov/fluview/surveillance/2022-week-52.html
  warning: HTTP 404 for https://www.cdc.gov/flu/weekly/weeklyarchives2022-2023/week52.htm
  warning: HTTP 404 for https://www.cdc.gov/fluview/surveillance/2023-week-01.html
  warning: HTTP 404 for https://www.cdc.gov/flu/weekly/weeklyarchives2022-2023/week01.htm
  warning: HTTP 404 for https://www.cdc.gov/fluview/surveillance/2023-week-02.html
  warning: HTTP 404 for https://www.cdc.gov/flu/weekly/weeklyarchives2022-2023/week02.htm
  warning: HTTP 404 for https://www.cdc.gov/fluview/surveillance/2023-week-03.html
  warning: HTTP 404 for https://www.cdc.gov/flu/weekly/weeklyarchives2022-2023/week03.htm
  warning: HTTP 404 for https://www.cdc.gov/fluview/surveillance/2023-week-04.html
  warning: HTTP 404 for https://www.cdc.gov/flu/weekly/weeklyarchives2022-2023/week04.htm
  warning: HTTP 404 for https://www.cdc.gov/fluview/surveillance/2023-week-05.html
  warning: HTTP 404 for https://www.cdc.gov/flu/weekly/weeklyarchives2022-2023/week05.htm
  warning: HTTP 404 for https://www.cdc.gov/fluview/surveillance/2023-week-06.html
  warning: HTTP 404 for https://www.cdc.gov/flu/weekly/weeklyarchives2022-2023/week06.htm
  warning: HTTP 404 for https://www.cdc.gov/fluview/surveillance/2023-week-07.html
  warning: HTTP 404 for https://www.cdc.gov/flu/weekly/weeklyarchives2022-2023/week07.htm
  warning: HTTP 404 for https://www.cdc.gov/fluview/surveillance/2023-week-08.html
  warning: HTTP 404 for https://www.cdc.gov/flu/weekly/weeklyarchives2022-2023/week08.htm
  warning: HTTP 404 for https://www.cdc.gov/fluview/surveillance/2023-week-09.html
  warning: HTTP 404 for https://www.cdc.gov/flu/weekly/weeklyarchives2022-2023/week09.htm
  warning: HTTP 404 for https://www.cdc.gov/fluview/surveillance/2023-week-10.html
  warning: HTTP 404 for https://www.cdc.gov/flu/weekly/weeklyarchives2022-2023/week10.htm
  warning: HTTP 404 for https://www.cdc.gov/fluview/surveillance/2023-week-11.html
  warning: HTTP 404 for https://www.cdc.gov/flu/weekly/weeklyarchives2022-2023/week11.htm
  warning: HTTP 404 for https://www.cdc.gov/fluview/surveillance/2023-week-12.html
  warning: HTTP 404 for https://www.cdc.gov/flu/weekly/weeklyarchives2022-2023/week12.htm
  warning: HTTP 404 for https://www.cdc.gov/fluview/surveillance/2023-week-13.html
  warning: HTTP 404 for https://www.cdc.gov/flu/weekly/weeklyarchives2022-2023/week13.htm
  warning: HTTP 404 for https://www.cdc.gov/fluview/surveillance/2023-week-14.html
  warning: HTTP 404 for https://www.cdc.gov/flu/weekly/weeklyarchives2022-2023/week14.htm
  warning: HTTP 404 for https://www.cdc.gov/fluview/surveillance/2023-week-15.html
  warning: HTTP 404 for https://www.cdc.gov/flu/weekly/weeklyarchives2022-2023/week15.htm
  warning: HTTP 404 for https://www.cdc.gov/fluview/surveillance/2023-week-16.html
  warning: HTTP 404 for https://www.cdc.gov/flu/weekly/weeklyarchives2022-2023/week16.htm
  warning: HTTP 404 for https://www.cdc.gov/fluview/surveillance/2023-week-17.html
  warning: HTTP 404 for https://www.cdc.gov/flu/weekly/weeklyarchives2022-2023/week17.htm
  warning: HTTP 404 for https://www.cdc.gov/fluview/surveillance/2023-week-18.html
  warning: HTTP 404 for https://www.cdc.gov/flu/weekly/weeklyarchives2022-2023/week18.htm
  warning: HTTP 404 for https://www.cdc.gov/fluview/surveillance/2023-week-19.html
  warning: HTTP 404 for https://www.cdc.gov/flu/weekly/weeklyarchives2022-2023/week19.htm
  warning: HTTP 404 for https://www.cdc.gov/fluview/surveillance/2023-week-20.html
  warning: HTTP 404 for https://www.cdc.gov/flu/weekly/weeklyarchives2022-2023/week20.htm
  warning: HTTP 404 for https://www.cdc.gov/fluview/surveillance/2023-week-21.html
  warning: HTTP 404 for https://www.cdc.gov/flu/weekly/weeklyarchives2022-2023/week21.htm
  warning: HTTP 404 for https://www.cdc.gov/fluview/surveillance/2023-week-22.html
  warning: HTTP 404 for https://www.cdc.gov/flu/weekly/weeklyarchives2022-2023/week22.htm
  warning: HTTP 404 for https://www.cdc.gov/fluview/surveillance/2023-week-23.html
  warning: HTTP 404 for https://www.cdc.gov/flu/weekly/weeklyarchives2022-2023/week23.htm
  warning: HTTP 404 for https://www.cdc.gov/fluview/surveillance/2023-week-24.html
  warning: HTTP 404 for https://www.cdc.gov/flu/weekly/weeklyarchives2022-2023/week24.htm
  warning: HTTP 404 for https://www.cdc.gov/fluview/surveillance/2023-week-25.html
  warning: HTTP 404 for https://www.cdc.gov/flu/weekly/weeklyarchives2022-2023/week25.htm
  warning: HTTP 404 for https://www.cdc.gov/fluview/surveillance/2023-week-26.html
  warning: HTTP 404 for https://www.cdc.gov/flu/weekly/weeklyarchives2022-2023/week26.htm
  warning: HTTP 404 for https://www.cdc.gov/fluview/surveillance/2023-week-27.html
  warning: HTTP 404 for https://www.cdc.gov/flu/weekly/weeklyarchives2022-2023/week27.htm
  warning: HTTP 404 for https://www.cdc.gov/fluview/surveillance/2023-week-28.html
  warning: HTTP 404 for https://www.cdc.gov/flu/weekly/weeklyarchives2022-2023/week28.htm
  warning: HTTP 404 for https://www.cdc.gov/fluview/surveillance/2023-week-29.html
  warning: HTTP 404 for https://www.cdc.gov/flu/weekly/weeklyarchives2022-2023/week29.htm
  warning: HTTP 404 for https://www.cdc.gov/fluview/surveillance/2023-week-30.html
  warning: HTTP 404 for https://www.cdc.gov/flu/weekly/weeklyarchives2022-2023/week30.htm
  warning: HTTP 404 for https://www.cdc.gov/fluview/surveillance/2023-week-31.html
  warning: HTTP 404 for https://www.cdc.gov/flu/weekly/weeklyarchives2022-2023/week31.htm
  warning: HTTP 404 for https://www.cdc.gov/fluview/surveillance/2023-week-32.html
  warning: HTTP 404 for https://www.cdc.gov/flu/weekly/weeklyarchives2022-2023/week32.htm
  warning: HTTP 404 for https://www.cdc.gov/fluview/surveillance/2023-week-33.html
  warning: HTTP 404 for https://www.cdc.gov/flu/weekly/weeklyarchives2022-2023/week33.htm
  warning: HTTP 404 for https://www.cdc.gov/fluview/surveillance/2023-week-34.html
  warning: HTTP 404 for https://www.cdc.gov/flu/weekly/weeklyarchives2022-2023/week34.htm
  warning: HTTP 404 for https://www.cdc.gov/fluview/surveillance/2023-week-35.html
  warning: HTTP 404 for https://www.cdc.gov/flu/weekly/weeklyarchives2022-2023/week35.htm
  warning: HTTP 404 for https://www.cdc.gov/fluview/surveillance/2023-week-36.html
  warning: HTTP 404 for https://www.cdc.gov/flu/weekly/weeklyarchives2022-2023/week36.htm
  warning: HTTP 404 for https://www.cdc.gov/fluview/surveillance/2023-week-37.html
  warning: HTTP 404 for https://www.cdc.gov/flu/weekly/weeklyarchives2022-2023/week37.htm
  warning: HTTP 404 for https://www.cdc.gov/fluview/surveillance/2023-week-38.html
  warning: HTTP 404 for https://www.cdc.gov/flu/weekly/weeklyarchives2022-2023/week38.htm
  warning: HTTP 404 for https://www.cdc.gov/fluview/surveillance/2023-week-39.html
  warning: HTTP 404 for https://www.cdc.gov/flu/weekly/weeklyarchives2022-2023/week39.htm
  warning: HTTP 404 for https://www.cdc.gov/flu/weekly/weeklyarchives2023-2024/week42.htm
  warning: HTTP 404 for https://www.cdc.gov/fluview/surveillance/2023-week-42.html
  warning: HTTP 404 for https://www.cdc.gov/flu/weekly/weeklyarchives2023-2024/week43.htm
  warning: HTTP 404 for https://www.cdc.gov/fluview/surveillance/2023-week-43.html
  warning: HTTP 404 for https://www.cdc.gov/flu/weekly/weeklyarchives2023-2024/week44.htm
  warning: HTTP 404 for https://www.cdc.gov/fluview/surveillance/2023-week-44.html
  warning: HTTP 404 for https://www.cdc.gov/flu/weekly/weeklyarchives2023-2024/week45.htm
  warning: HTTP 404 for https://www.cdc.gov/fluview/surveillance/2023-week-45.html
  warning: HTTP 404 for https://www.cdc.gov/fluview/surveillance/2025-week-39.html
  warning: HTTP 404 for https://www.cdc.gov/flu/weekly/weeklyarchives2024-2025/week39.htm

Done: emitted 313 records (558 weeks attempted).
Week 2015-W40: from cache, joined CSV, emitted record
Week 2015-W41: from cache, joined CSV, emitted record
Week 2015-W42: from cache, joined CSV, emitted record
Week 2015-W43: from cache, joined CSV, emitted record
Week 2015-W44: from cache, joined CSV, emitted record
Week 2015-W45: from cache, joined CSV, emitted record
Week 2015-W46: from cache, joined CSV, emitted record
Week 2015-W47: from cache, joined CSV, emitted record
Week 2015-W48: from cache, joined CSV, emitted record
Week 2015-W49: from cache, joined CSV, emitted record
Week 2015-W50: from cache, joined CSV, emitted record
Week 2015-W51: from cache, joined CSV, emitted record
Week 2015-W52: from cache, joined CSV, emitted record
Week 2016-W01: from cache, joined CSV, emitted record
Week 2016-W02: from cache, joined CSV, emitted record
Week 2016-W03: from cache, joined CSV, emitted record
Week 2016-W04: from cache, joined CSV, emitted record
Week 2016-W05: from cache, joined CSV, emitted record
Week 2016-W06: from cache, joined CSV, emitted record
Week 2016-W07: from cache, joined CSV, emitted record
Week 2016-W08: from cache, joined CSV, emitted record
Week 2016-W09: from cache, joined CSV, emitted record
Week 2016-W10: from cache, joined CSV, emitted record
Week 2016-W11: from cache, joined CSV, emitted record
Week 2016-W12: from cache, joined CSV, emitted record
Week 2016-W13: from cache, joined CSV, emitted record
Week 2016-W14: from cache, joined CSV, emitted record
Week 2016-W15: from cache, joined CSV, emitted record
Week 2016-W16: from cache, joined CSV, emitted record
Week 2016-W17: from cache, joined CSV, emitted record
Week 2016-W18: from cache, joined CSV, emitted record
Week 2016-W19: from cache, joined CSV, emitted record
Week 2016-W20: from cache, joined CSV, emitted record
Week 2016-W21: from cache, joined CSV, emitted record
Week 2016-W22: from cache, joined CSV, emitted record
Week 2016-W23: from cache, joined CSV, skipped (short text: 0 chars)
Week 2016-W24: from cache, joined CSV, skipped (short text: 177 chars)
Week 2016-W25: from cache, joined CSV, skipped (short text: 177 chars)
Week 2016-W26: from cache, joined CSV, emitted record
Week 2016-W27: from cache, joined CSV, emitted record
Week 2016-W28: from cache, joined CSV, skipped (short text: 0 chars)
Week 2016-W29: from cache, joined CSV, skipped (short text: 0 chars)
Week 2016-W30: from cache, joined CSV, skipped (short text: 0 chars)
Week 2016-W31: from cache, joined CSV, skipped (short text: 177 chars)
Week 2016-W32: from cache, joined CSV, skipped (short text: 177 chars)
Week 2016-W33: from cache, joined CSV, skipped (short text: 177 chars)
Week 2016-W34: from cache, joined CSV, skipped (short text: 177 chars)
Week 2016-W35: from cache, joined CSV, skipped (short text: 177 chars)
Week 2016-W36: from cache, joined CSV, skipped (short text: 177 chars)
Week 2016-W37: from cache, joined CSV, skipped (short text: 177 chars)
Week 2016-W38: from cache, joined CSV, skipped (short text: 177 chars)
Week 2016-W39: from cache, joined CSV, skipped (short text: 177 chars)
Week 2016-W40: from cache, joined CSV, emitted record
Week 2016-W41: from cache, joined CSV, emitted record
Week 2016-W42: from cache, joined CSV, emitted record
Week 2016-W43: from cache, joined CSV, emitted record
Week 2016-W44: from cache, joined CSV, emitted record
Week 2016-W45: from cache, joined CSV, emitted record
Week 2016-W46: from cache, joined CSV, emitted record
Week 2016-W47: from cache, joined CSV, emitted record
Week 2016-W48: from cache, joined CSV, emitted record
Week 2016-W49: from cache, joined CSV, emitted record
Week 2016-W50: from cache, joined CSV, emitted record
Week 2016-W51: from cache, joined CSV, emitted record
Week 2016-W52: from cache, joined CSV, emitted record
Week 2017-W01: from cache, joined CSV, emitted record
Week 2017-W02: from cache, joined CSV, emitted record
Week 2017-W03: from cache, joined CSV, emitted record
Week 2017-W04: from cache, joined CSV, emitted record
Week 2017-W05: from cache, joined CSV, emitted record
Week 2017-W06: from cache, joined CSV, emitted record
Week 2017-W07: from cache, joined CSV, emitted record
Week 2017-W08: from cache, joined CSV, emitted record
Week 2017-W09: from cache, joined CSV, emitted record
Week 2017-W10: from cache, joined CSV, emitted record
Week 2017-W11: from cache, joined CSV, emitted record
Week 2017-W12: from cache, joined CSV, emitted record
Week 2017-W13: from cache, joined CSV, emitted record
Week 2017-W14: from cache, joined CSV, emitted record
Week 2017-W15: from cache, joined CSV, emitted record
Week 2017-W16: from cache, joined CSV, emitted record
Week 2017-W17: from cache, joined CSV, emitted record
Week 2017-W18: from cache, joined CSV, emitted record
Week 2017-W19: from cache, joined CSV, emitted record
Week 2017-W20: from cache, joined CSV, emitted record
Week 2017-W21: from cache, joined CSV, emitted record
Week 2017-W22: from cache, joined CSV, skipped (short text: 77 chars)
Week 2017-W23: from cache, joined CSV, skipped (short text: 0 chars)
Week 2017-W24: from cache, joined CSV, emitted record
Week 2017-W25: from cache, joined CSV, skipped (short text: 175 chars)
Week 2017-W26: from cache, joined CSV, skipped (short text: 175 chars)
Week 2017-W27: from cache, joined CSV, skipped (short text: 175 chars)
Week 2017-W28: from cache, joined CSV, emitted record
Week 2017-W29: from cache, joined CSV, skipped (short text: 0 chars)
Week 2017-W30: from cache, joined CSV, skipped (short text: 0 chars)
Week 2017-W31: from cache, joined CSV, skipped (short text: 175 chars)
Week 2017-W32: from cache, joined CSV, skipped (short text: 175 chars)
Week 2017-W33: from cache, joined CSV, skipped (short text: 175 chars)
Week 2017-W34: from cache, joined CSV, skipped (short text: 175 chars)
Week 2017-W35: from cache, joined CSV, skipped (short text: 0 chars)
Week 2017-W36: from cache, joined CSV, skipped (short text: 0 chars)
Week 2017-W37: from cache, joined CSV, skipped (short text: 175 chars)
Week 2017-W38: from cache, joined CSV, skipped (short text: 175 chars)
Week 2017-W39: from cache, joined CSV, skipped (short text: 0 chars)
Week 2017-W40: from cache, joined CSV, emitted record
Week 2017-W41: from cache, joined CSV, emitted record
Week 2017-W42: from cache, joined CSV, emitted record
Week 2017-W43: from cache, joined CSV, emitted record
Week 2017-W44: from cache, joined CSV, emitted record
Week 2017-W45: from cache, joined CSV, emitted record
Week 2017-W46: from cache, joined CSV, emitted record
Week 2017-W47: from cache, joined CSV, emitted record
Week 2017-W48: from cache, joined CSV, emitted record
Week 2017-W49: from cache, joined CSV, emitted record
Week 2017-W50: from cache, joined CSV, emitted record
Week 2017-W51: from cache, joined CSV, emitted record
Week 2017-W52: from cache, joined CSV, emitted record
Week 2018-W01: from cache, joined CSV, emitted record
Week 2018-W02: from cache, joined CSV, emitted record
Week 2018-W03: from cache, joined CSV, emitted record
Week 2018-W04: from cache, joined CSV, emitted record
Week 2018-W05: from cache, joined CSV, emitted record
Week 2018-W06: from cache, joined CSV, emitted record
Week 2018-W07: from cache, joined CSV, emitted record
Week 2018-W08: from cache, joined CSV, emitted record
Week 2018-W09: from cache, joined CSV, emitted record
Week 2018-W10: from cache, joined CSV, emitted record
Week 2018-W11: from cache, joined CSV, emitted record
Week 2018-W12: from cache, joined CSV, emitted record
Week 2018-W13: from cache, joined CSV, emitted record
Week 2018-W14: from cache, joined CSV, emitted record
Week 2018-W15: from cache, joined CSV, emitted record
Week 2018-W16: from cache, joined CSV, emitted record
Week 2018-W17: from cache, joined CSV, emitted record
Week 2018-W18: from cache, joined CSV, emitted record
Week 2018-W19: from cache, joined CSV, emitted record
Week 2018-W20: from cache, joined CSV, emitted record
Week 2018-W21: from cache, joined CSV, emitted record
Week 2018-W22: from cache, joined CSV, skipped (short text: 0 chars)
Week 2018-W23: from cache, joined CSV, emitted record
Week 2018-W24: from cache, joined CSV, skipped (short text: 77 chars)
Week 2018-W25: from cache, joined CSV, skipped (short text: 77 chars)
Week 2018-W26: from cache, joined CSV, emitted record
Week 2018-W27: from cache, joined CSV, skipped (short text: 0 chars)
Week 2018-W28: from cache, joined CSV, skipped (short text: 0 chars)
Week 2018-W29: from cache, joined CSV, skipped (short text: 77 chars)
Week 2018-W30: from cache, joined CSV, skipped (short text: 77 chars)
Week 2018-W31: from cache, joined CSV, skipped (short text: 0 chars)
Week 2018-W32: from cache, joined CSV, skipped (short text: 77 chars)
Week 2018-W33: from cache, joined CSV, skipped (short text: 77 chars)
Week 2018-W34: from cache, joined CSV, skipped (short text: 0 chars)
Week 2018-W35: from cache, joined CSV, skipped (short text: 77 chars)
Week 2018-W36: from cache, joined CSV, skipped (short text: 77 chars)
Week 2018-W37: from cache, joined CSV, skipped (short text: 0 chars)
Week 2018-W38: from cache, joined CSV, skipped (short text: 77 chars)
Week 2018-W39: from cache, joined CSV, skipped (short text: 0 chars)
Week 2018-W40: from cache, joined CSV, emitted record
Week 2018-W41: from cache, joined CSV, emitted record
Week 2018-W42: from cache, joined CSV, emitted record
Week 2018-W43: from cache, joined CSV, emitted record
Week 2018-W44: from cache, joined CSV, emitted record
Week 2018-W45: from cache, joined CSV, emitted record
Week 2018-W46: from cache, joined CSV, emitted record
Week 2018-W47: from cache, joined CSV, emitted record
Week 2018-W48: from cache, joined CSV, emitted record
Week 2018-W49: from cache, joined CSV, emitted record
Week 2018-W50: from cache, joined CSV, emitted record
Week 2018-W51: from cache, joined CSV, emitted record
Week 2018-W52: from cache, joined CSV, emitted record
Week 2019-W01: from cache, joined CSV, emitted record
Week 2019-W02: from cache, joined CSV, emitted record
Week 2019-W03: from cache, joined CSV, emitted record
Week 2019-W04: from cache, joined CSV, emitted record
Week 2019-W05: from cache, joined CSV, emitted record
Week 2019-W06: from cache, joined CSV, emitted record
Week 2019-W07: from cache, joined CSV, emitted record
Week 2019-W08: from cache, joined CSV, emitted record
Week 2019-W09: from cache, joined CSV, emitted record
Week 2019-W10: from cache, joined CSV, emitted record
Week 2019-W11: from cache, joined CSV, emitted record
Week 2019-W12: from cache, joined CSV, emitted record
Week 2019-W13: from cache, joined CSV, emitted record
Week 2019-W14: from cache, joined CSV, emitted record
Week 2019-W15: from cache, joined CSV, emitted record
Week 2019-W16: from cache, joined CSV, emitted record
Week 2019-W17: from cache, joined CSV, emitted record
Week 2019-W18: from cache, joined CSV, emitted record
Week 2019-W19: from cache, joined CSV, emitted record
Week 2019-W20: from cache, joined CSV, emitted record
Week 2019-W21: from cache, joined CSV, emitted record
Week 2019-W22: from cache, joined CSV, skipped (short text: 0 chars)
Week 2019-W23: from cache, joined CSV, emitted record
Week 2019-W24: from cache, joined CSV, emitted record
Week 2019-W25: from cache, joined CSV, skipped (short text: 195 chars)
Week 2019-W26: from cache, joined CSV, emitted record
Week 2019-W27: from cache, joined CSV, skipped (short text: 195 chars)
Week 2019-W28: from cache, joined CSV, emitted record
Week 2019-W29: from cache, joined CSV, emitted record
Week 2019-W30: from cache, joined CSV, skipped (short text: 77 chars)
Week 2019-W31: from cache, joined CSV, skipped (short text: 0 chars)
Week 2019-W32: from cache, joined CSV, emitted record
Week 2019-W33: from cache, joined CSV, skipped (short text: 77 chars)
Week 2019-W34: from cache, joined CSV, skipped (short text: 77 chars)
Week 2019-W35: from cache, joined CSV, skipped (short text: 0 chars)
Week 2019-W36: from cache, joined CSV, emitted record
Week 2019-W37: from cache, joined CSV, skipped (short text: 0 chars)
Week 2019-W38: from cache, joined CSV, skipped (short text: 0 chars)
Week 2019-W39: from cache, joined CSV, emitted record
Week 2019-W40: fetched HTML, joined CSV, emitted record
Week 2019-W41: fetched HTML, joined CSV, skipped (short text: 77 chars)
Week 2019-W42: fetched HTML, joined CSV, emitted record
Week 2019-W43: fetched HTML, joined CSV, emitted record
Week 2019-W44: fetched HTML, joined CSV, emitted record
Week 2019-W45: fetched HTML, joined CSV, skipped (short text: 78 chars)
Week 2019-W46: fetched HTML, joined CSV, emitted record
Week 2019-W47: fetched HTML, joined CSV, emitted record
Week 2019-W48: fetched HTML, joined CSV, emitted record
Week 2019-W49: fetched HTML, joined CSV, emitted record
Week 2019-W50: fetched HTML, joined CSV, emitted record
Week 2019-W51: fetched HTML, joined CSV, emitted record
Week 2019-W52: fetched HTML, joined CSV, emitted record
Week 2020-W01: fetched HTML, joined CSV, emitted record
Week 2020-W02: fetched HTML, joined CSV, emitted record
Week 2020-W03: fetched HTML, joined CSV, emitted record
Week 2020-W04: fetched HTML, joined CSV, emitted record
Week 2020-W05: fetched HTML, joined CSV, emitted record
Week 2020-W06: fetched HTML, joined CSV, emitted record
Week 2020-W07: fetched HTML, joined CSV, emitted record
Week 2020-W08: fetched HTML, joined CSV, emitted record
Week 2020-W09: fetched HTML, joined CSV, emitted record
Week 2020-W10: fetched HTML, joined CSV, emitted record
Week 2020-W11: fetched HTML, joined CSV, emitted record
Week 2020-W12: fetched HTML, joined CSV, emitted record
Week 2020-W13: fetched HTML, joined CSV, emitted record
Week 2020-W14: fetched HTML, joined CSV, emitted record
Week 2020-W15: fetched HTML, joined CSV, emitted record
Week 2020-W16: fetched HTML, joined CSV, emitted record
Week 2020-W17: fetched HTML, joined CSV, emitted record
Week 2020-W18: fetched HTML, joined CSV, emitted record
Week 2020-W19: fetched HTML, joined CSV, emitted record
Week 2020-W20: fetched HTML, joined CSV, emitted record
Week 2020-W21: fetched HTML, joined CSV, skipped (short text: 0 chars)
Week 2020-W22: skipped (no HTML)
Week 2020-W23: skipped (no HTML)
Week 2020-W24: skipped (no HTML)
Week 2020-W25: skipped (no HTML)
Week 2020-W26: skipped (no HTML)
Week 2020-W27: skipped (no HTML)
Week 2020-W28: skipped (no HTML)
Week 2020-W29: skipped (no HTML)
Week 2020-W30: skipped (no HTML)
Week 2020-W31: skipped (no HTML)
Week 2020-W32: skipped (no HTML)
Week 2020-W33: skipped (no HTML)
Week 2020-W34: skipped (no HTML)
Week 2020-W35: skipped (no HTML)
Week 2020-W36: skipped (no HTML)
Week 2020-W37: skipped (no HTML)
Week 2020-W38: skipped (no HTML)
Week 2020-W39: skipped (no HTML)
Week 2020-W40: skipped (no HTML)
Week 2020-W41: skipped (no HTML)
Week 2020-W42: skipped (no HTML)
Week 2020-W43: skipped (no HTML)
Week 2020-W44: skipped (no HTML)
Week 2020-W45: skipped (no HTML)
Week 2020-W46: skipped (no HTML)
Week 2020-W47: skipped (no HTML)
Week 2020-W48: skipped (no HTML)
Week 2020-W49: skipped (no HTML)
Week 2020-W50: skipped (no HTML)
Week 2020-W51: skipped (no HTML)
Week 2020-W52: skipped (no HTML)
Week 2020-W53: skipped (no HTML)
Week 2021-W01: skipped (no HTML)
Week 2021-W02: skipped (no HTML)
Week 2021-W03: skipped (no HTML)
Week 2021-W04: skipped (no HTML)
Week 2021-W05: skipped (no HTML)
Week 2021-W06: skipped (no HTML)
Week 2021-W07: skipped (no HTML)
Week 2021-W08: skipped (no HTML)
Week 2021-W09: skipped (no HTML)
Week 2021-W10: skipped (no HTML)
Week 2021-W11: skipped (no HTML)
Week 2021-W12: skipped (no HTML)
Week 2021-W13: skipped (no HTML)
Week 2021-W14: skipped (no HTML)
Week 2021-W15: skipped (no HTML)
Week 2021-W16: skipped (no HTML)
Week 2021-W17: skipped (no HTML)
Week 2021-W18: skipped (no HTML)
Week 2021-W19: skipped (no HTML)
Week 2021-W20: skipped (no HTML)
Week 2021-W21: skipped (no HTML)
Week 2021-W22: skipped (no HTML)
Week 2021-W23: skipped (no HTML)
Week 2021-W24: skipped (no HTML)
Week 2021-W25: skipped (no HTML)
Week 2021-W26: skipped (no HTML)
Week 2021-W27: skipped (no HTML)
Week 2021-W28: skipped (no HTML)
Week 2021-W29: skipped (no HTML)
Week 2021-W30: skipped (no HTML)
Week 2021-W31: skipped (no HTML)
Week 2021-W32: skipped (no HTML)
Week 2021-W33: skipped (no HTML)
Week 2021-W34: skipped (no HTML)
Week 2021-W35: skipped (no HTML)
Week 2021-W36: skipped (no HTML)
Week 2021-W37: skipped (no HTML)
Week 2021-W38: skipped (no HTML)
Week 2021-W39: skipped (no HTML)
Week 2021-W40: fetched HTML, joined CSV, emitted record
Week 2021-W41: fetched HTML, joined CSV, emitted record
Week 2021-W42: skipped (no HTML)
Week 2021-W43: skipped (no HTML)
Week 2021-W44: skipped (no HTML)
Week 2021-W45: fetched HTML, joined CSV, emitted record
Week 2021-W46: skipped (no HTML)
Week 2021-W47: skipped (no HTML)
Week 2021-W48: skipped (no HTML)
Week 2021-W49: skipped (no HTML)
Week 2021-W50: skipped (no HTML)
Week 2021-W51: skipped (no HTML)
Week 2021-W52: skipped (no HTML)
Week 2022-W01: skipped (no HTML)
Week 2022-W02: skipped (no HTML)
Week 2022-W03: skipped (no HTML)
Week 2022-W04: skipped (no HTML)
Week 2022-W05: skipped (no HTML)
Week 2022-W06: skipped (no HTML)
Week 2022-W07: skipped (no HTML)
Week 2022-W08: skipped (no HTML)
Week 2022-W09: skipped (no HTML)
Week 2022-W10: skipped (no HTML)
Week 2022-W11: skipped (no HTML)
Week 2022-W12: skipped (no HTML)
Week 2022-W13: skipped (no HTML)
Week 2022-W14: skipped (no HTML)
Week 2022-W15: skipped (no HTML)
Week 2022-W16: skipped (no HTML)
Week 2022-W17: skipped (no HTML)
Week 2022-W18: skipped (no HTML)
Week 2022-W19: skipped (no HTML)
Week 2022-W20: skipped (no HTML)
Week 2022-W21: skipped (no HTML)
Week 2022-W22: skipped (no HTML)
Week 2022-W23: skipped (no HTML)
Week 2022-W24: skipped (no HTML)
Week 2022-W25: skipped (no HTML)
Week 2022-W26: skipped (no HTML)
Week 2022-W27: skipped (no HTML)
Week 2022-W28: skipped (no HTML)
Week 2022-W29: skipped (no HTML)
Week 2022-W30: skipped (no HTML)
Week 2022-W31: skipped (no HTML)
Week 2022-W32: skipped (no HTML)
Week 2022-W33: skipped (no HTML)
Week 2022-W34: skipped (no HTML)
Week 2022-W35: skipped (no HTML)
Week 2022-W36: skipped (no HTML)
Week 2022-W37: skipped (no HTML)
Week 2022-W38: skipped (no HTML)
Week 2022-W39: fetched HTML, joined CSV, skipped (short text: 0 chars)
Week 2022-W40: skipped (no HTML)
Week 2022-W41: skipped (no HTML)
Week 2022-W42: skipped (no HTML)
Week 2022-W43: skipped (no HTML)
Week 2022-W44: skipped (no HTML)
Week 2022-W45: fetched HTML, joined CSV, emitted record
Week 2022-W46: skipped (no HTML)
Week 2022-W47: skipped (no HTML)
Week 2022-W48: skipped (no HTML)
Week 2022-W49: skipped (no HTML)
Week 2022-W50: skipped (no HTML)
Week 2022-W51: skipped (no HTML)
Week 2022-W52: skipped (no HTML)
Week 2023-W01: skipped (no HTML)
Week 2023-W02: skipped (no HTML)
Week 2023-W03: skipped (no HTML)
Week 2023-W04: skipped (no HTML)
Week 2023-W05: skipped (no HTML)
Week 2023-W06: skipped (no HTML)
Week 2023-W07: skipped (no HTML)
Week 2023-W08: skipped (no HTML)
Week 2023-W09: skipped (no HTML)
Week 2023-W10: skipped (no HTML)
Week 2023-W11: skipped (no HTML)
Week 2023-W12: skipped (no HTML)
Week 2023-W13: skipped (no HTML)
Week 2023-W14: skipped (no HTML)
Week 2023-W15: skipped (no HTML)
Week 2023-W16: skipped (no HTML)
Week 2023-W17: skipped (no HTML)
Week 2023-W18: skipped (no HTML)
Week 2023-W19: skipped (no HTML)
Week 2023-W20: skipped (no HTML)
Week 2023-W21: skipped (no HTML)
Week 2023-W22: skipped (no HTML)
Week 2023-W23: skipped (no HTML)
Week 2023-W24: skipped (no HTML)
Week 2023-W25: skipped (no HTML)
Week 2023-W26: skipped (no HTML)
Week 2023-W27: skipped (no HTML)
Week 2023-W28: skipped (no HTML)
Week 2023-W29: skipped (no HTML)
Week 2023-W30: skipped (no HTML)
Week 2023-W31: skipped (no HTML)
Week 2023-W32: skipped (no HTML)
Week 2023-W33: skipped (no HTML)
Week 2023-W34: skipped (no HTML)
Week 2023-W35: skipped (no HTML)
Week 2023-W36: skipped (no HTML)
Week 2023-W37: skipped (no HTML)
Week 2023-W38: skipped (no HTML)
Week 2023-W39: skipped (no HTML)
Week 2023-W40: fetched HTML, joined CSV, skipped (short text: 0 chars)
Week 2023-W41: fetched HTML, joined CSV, skipped (short text: 0 chars)
Week 2023-W42: skipped (no HTML)
Week 2023-W43: skipped (no HTML)
Week 2023-W44: skipped (no HTML)
Week 2023-W45: skipped (no HTML)
Week 2023-W46: fetched HTML, joined CSV, skipped (short text: 0 chars)
Week 2023-W47: fetched HTML, joined CSV, skipped (short text: 0 chars)
Week 2023-W48: fetched HTML, joined CSV, skipped (short text: 0 chars)
Week 2023-W49: fetched HTML, joined CSV, skipped (short text: 0 chars)
Week 2023-W50: fetched HTML, joined CSV, skipped (short text: 0 chars)
Week 2023-W51: fetched HTML, joined CSV, skipped (short text: 0 chars)
Week 2023-W52: fetched HTML, joined CSV, skipped (short text: 0 chars)
Week 2024-W01: fetched HTML, joined CSV, emitted record
Week 2024-W02: fetched HTML, joined CSV, emitted record
Week 2024-W03: fetched HTML, joined CSV, emitted record
Week 2024-W04: fetched HTML, joined CSV, emitted record
Week 2024-W05: fetched HTML, joined CSV, emitted record
Week 2024-W06: fetched HTML, joined CSV, emitted record
Week 2024-W07: fetched HTML, joined CSV, emitted record
Week 2024-W08: fetched HTML, joined CSV, emitted record
Week 2024-W09: fetched HTML, joined CSV, emitted record
Week 2024-W10: fetched HTML, joined CSV, emitted record
Week 2024-W11: fetched HTML, joined CSV, emitted record
Week 2024-W12: fetched HTML, joined CSV, emitted record
Week 2024-W13: fetched HTML, joined CSV, emitted record
Week 2024-W14: fetched HTML, joined CSV, emitted record
Week 2024-W15: fetched HTML, joined CSV, emitted record
Week 2024-W16: fetched HTML, joined CSV, emitted record
Week 2024-W17: fetched HTML, joined CSV, emitted record
Week 2024-W18: fetched HTML, joined CSV, emitted record
Week 2024-W19: fetched HTML, joined CSV, emitted record
Week 2024-W20: fetched HTML, joined CSV, emitted record
Week 2024-W21: fetched HTML, joined CSV, emitted record
Week 2024-W22: fetched HTML, joined CSV, emitted record
Week 2024-W23: fetched HTML, joined CSV, emitted record
Week 2024-W24: fetched HTML, joined CSV, emitted record
Week 2024-W25: fetched HTML, joined CSV, emitted record
Week 2024-W26: fetched HTML, joined CSV, emitted record
Week 2024-W27: fetched HTML, joined CSV, emitted record
Week 2024-W28: fetched HTML, joined CSV, emitted record
Week 2024-W29: fetched HTML, joined CSV, emitted record
Week 2024-W30: fetched HTML, joined CSV, emitted record
Week 2024-W31: fetched HTML, joined CSV, emitted record
Week 2024-W32: fetched HTML, joined CSV, emitted record
Week 2024-W33: fetched HTML, joined CSV, emitted record
Week 2024-W34: fetched HTML, joined CSV, emitted record
Week 2024-W35: from cache, joined CSV, emitted record
Week 2024-W36: from cache, joined CSV, emitted record
Week 2024-W37: from cache, joined CSV, emitted record
Week 2024-W38: from cache, joined CSV, emitted record
Week 2024-W39: from cache, joined CSV, emitted record
Week 2024-W40: from cache, joined CSV, emitted record
Week 2024-W41: from cache, joined CSV, emitted record
Week 2024-W42: from cache, joined CSV, emitted record
Week 2024-W43: from cache, joined CSV, emitted record
Week 2024-W44: from cache, joined CSV, emitted record
Week 2024-W45: from cache, joined CSV, emitted record
Week 2024-W46: from cache, joined CSV, emitted record
Week 2024-W47: from cache, joined CSV, emitted record
Week 2024-W48: from cache, joined CSV, emitted record
Week 2024-W49: from cache, joined CSV, emitted record
Week 2024-W50: from cache, joined CSV, emitted record
Week 2024-W51: from cache, joined CSV, emitted record
Week 2024-W52: from cache, joined CSV, emitted record
Week 2025-W01: from cache, joined CSV, emitted record
Week 2025-W02: from cache, joined CSV, emitted record
Week 2025-W03: from cache, joined CSV, emitted record
Week 2025-W04: from cache, joined CSV, emitted record
Week 2025-W05: from cache, joined CSV, emitted record
Week 2025-W06: from cache, joined CSV, emitted record
Week 2025-W07: from cache, joined CSV, emitted record
Week 2025-W08: from cache, joined CSV, emitted record
Week 2025-W09: from cache, joined CSV, emitted record
Week 2025-W10: from cache, joined CSV, emitted record
Week 2025-W11: from cache, joined CSV, emitted record
Week 2025-W12: from cache, joined CSV, emitted record
Week 2025-W13: from cache, joined CSV, emitted record
Week 2025-W14: from cache, joined CSV, emitted record
Week 2025-W15: from cache, joined CSV, emitted record
Week 2025-W16: from cache, joined CSV, emitted record
Week 2025-W17: from cache, joined CSV, emitted record
Week 2025-W18: from cache, joined CSV, emitted record
Week 2025-W19: from cache, joined CSV, emitted record
Week 2025-W20: from cache, joined CSV, emitted record
Week 2025-W21: from cache, joined CSV, emitted record
Week 2025-W22: from cache, joined CSV, emitted record
Week 2025-W23: from cache, joined CSV, emitted record
Week 2025-W24: from cache, joined CSV, emitted record
Week 2025-W25: from cache, joined CSV, emitted record
Week 2025-W26: from cache, joined CSV, emitted record
Week 2025-W27: from cache, joined CSV, emitted record
Week 2025-W28: from cache, joined CSV, emitted record
Week 2025-W29: from cache, joined CSV, emitted record
Week 2025-W30: from cache, joined CSV, emitted record
Week 2025-W31: from cache, joined CSV, emitted record
Week 2025-W32: from cache, joined CSV, emitted record
Week 2025-W33: from cache, joined CSV, emitted record
Week 2025-W34: from cache, joined CSV, emitted record
Week 2025-W35: from cache, joined CSV, emitted record
Week 2025-W36: from cache, joined CSV, emitted record
Week 2025-W37: from cache, joined CSV, emitted record
Week 2025-W38: from cache, joined CSV, emitted record
Week 2025-W39: skipped (no HTML)
Week 2025-W40: from cache, joined CSV, emitted record
Week 2025-W41: from cache, joined CSV, emitted record
Week 2025-W42: from cache, joined CSV, emitted record
Week 2025-W43: from cache, joined CSV, emitted record
Week 2025-W44: from cache, joined CSV, emitted record
Week 2025-W45: from cache, joined CSV, emitted record
Week 2025-W46: from cache, joined CSV, emitted record
Week 2025-W47: from cache, joined CSV, emitted record
Week 2025-W48: from cache, joined CSV, emitted record
Week 2025-W49: from cache, joined CSV, emitted record
Week 2025-W50: from cache, joined CSV, emitted record
Week 2025-W51: from cache, joined CSV, emitted record
Week 2025-W52: from cache, joined CSV, emitted record
Week 2025-W53: from cache, joined CSV, emitted record
Week 2026-W01: from cache, joined CSV, emitted record
Week 2026-W02: from cache, joined CSV, emitted record
Week 2026-W03: from cache, joined CSV, emitted record
Week 2026-W04: from cache, joined CSV, emitted record
Week 2026-W05: from cache, joined CSV, emitted record
Week 2026-W06: from cache, joined CSV, emitted record
Week 2026-W07: from cache, joined CSV, emitted record
Week 2026-W08: from cache, joined CSV, emitted record
Week 2026-W09: from cache, joined CSV, emitted record
Week 2026-W10: from cache, joined CSV, emitted record
Week 2026-W11: from cache, joined CSV, emitted record
Week 2026-W12: from cache, joined CSV, emitted record
Week 2026-W13: from cache, joined CSV, emitted record
Week 2026-W14: from cache, joined CSV, emitted record
Week 2026-W15: from cache, joined CSV, emitted record
Week 2026-W16: from cache, joined CSV, emitted record
Week 2026-W17: from cache, joined CSV, emitted record
Week 2026-W18: from cache, joined CSV, emitted record
Week 2026-W19: from cache, joined CSV, emitted record
Week 2026-W20: from cache, joined CSV, emitted record
Week 2026-W21: from cache, joined CSV, emitted record
Week 2026-W22: from cache, joined CSV, emitted record
Week 2026-W23: from cache, joined CSV, emitted record

--- First record text field ---

Key Points: During week 40 (October 4-10, 2015), influenza activity was low in the United States. Viral Surveillance: The most frequently identified influenza virus type reported by public health laboratories in week 40 was influenza A viruses, with influenza A (H3) viruses predominating. The percentage of respiratory specimens testing positive for influenza in clinical laboratories is low. Pneumonia and Influenza Mortality: The proportion of deaths attributed to pneumonia and influenza (P&I) was below their system-specific epidemic threshold in both the NCHS Mortality Surveillance System and the 122 Cities Mortality Reporting System. Influenza-associated Pediatric Deaths: No influenza-associated pediatric deaths were reported. Outpatient Illness Surveillance: The proportion of outpatient visits for influenza-like illness (ILI) was 1.2%, which is below the national baseline of 2.1%. All 10 regions reported ILI below region-specific baseline levels. Georgia experienced low ILI activity; Puerto Rico, New York City and 47 states experienced minimal ILI activity; and the District of Columbia and two states had insufficient data. Geographic Spread of Influenza: The geographic spread of influenza in Guam was reported as widespread; one state reported regional activity; one state reported local activity; Puerto Rico and 27 states reported sporadic activity; the U.S. Virgin Islands and 21 states reported no influenza activity; and the District of Columbia did not report. National and Regional Summary of Select Surveillance Components HHS Surveillance Regions* Data for current week Data cumulative since October 4, 2015 (week 40) Out-patient ILI† Number of jurisdictions experiencing high or moderate ILI activity§ % respiratory specimens positive for flu in clinical laboratories‡ A(H1N1)pdm09 A (H3) A (Subtyping not Performed B Victoria lineage B Yamagata lineage B lineage not performed Pediatric Deaths Influenza test results from public health laboratories only Normal 0 of 53 1.2% 2 24 0 0 0 2 0 Region 1 Normal 0 of 6 0.9% 0 1 0 0 0 0 0 Region 2 Normal 0 of 4 0.3% 0 1 0 0 0 0 0 Region 3 Normal 0 of 6 0.4% 0 0 0 0 0 0 0 Region 4 Normal 0 of 8 2.2% 0 4 0 0 0 1 0 Region 5 Normal 0 of 6 0.9% 2 6 0 0 0 1 0 Region 6 Normal 0 of 5 1.1% 0 0 0 0 0 0 0 Region 7 Normal 0 of 4 0.4% 0 2 0 0 0 0 0 Region 8 Normal 0 of 6 0.6% 0 2 0 0 0 0 0 Region 9 Normal 0 of 4 2.8% 0 5 0 0 0 0 0 Region 10 Normal 0 of 4 0.9% 0 3 0 0 0 0 0 *HHS regions (Region 1 CT, ME, MA, NH, RI, VT; Region 2: NJ, NY, Puerto Rico, US Virgin Islands; Region 3: DE, DC, MD, PA, VA, WV; Region 4: AL, FL, GA, KY, MS, NC, SC, TN; Region 5: IL, IN, MI, MN, OH, WI; Region 6: AR, LA, NM, OK, TX; Region 7: IA, KS, MO, NE; Region 8: CO, MT, ND, SD, UT, WY; Region 9: AZ, CA, Guam, HI, NV; and Region 10: AK, ID, OR, WA). † Elevated means the % of visits for ILI is at or above the national or region-specific baseline Â§ Includes all 50 states, the District of Columbia, Guam, Puerto Rico, and U.S. Virgin Islands ‡ National data are for current week; regional data are for the most recent three weeks

Influenza-associated Pediatric Deaths: No influenza-associated pediatric deaths were reported.

Weekly ILI, virologic, hospitalization, and mortality indicators for this surveillance week: <ts></ts>.
